        -:    0:Source:C:/Users/jkmal/vocawin/src/app/AppController.cpp
        -:    0:Graph:build\coverage\CMakeFiles\vocawin_core.dir\src\app/AppController.gcno
        -:    0:Data:-
        -:    0:Runs:0
        -:    1:#include "app/AppController.h"
        -:    2:
        -:    3:namespace vocawin {
        -:    4:
        -:    5:namespace {
        -:    6:
    #####:    7:std::wstring mutexNameFromPath(const std::filesystem::path& path) {
    #####:    8:    const auto value = path.string();
    #####:    9:    return std::wstring(value.begin(), value.end());
    #####:   10:}
        -:   11:
        -:   12:}  // namespace
        -:   13:
    #####:   14:AppController::AppController(std::filesystem::path data_root)
    #####:   15:    : data_root_(std::move(data_root)),
    #####:   16:      single_instance_(L"Global\\VocaWinMutex-" + mutexNameFromPath(data_root_)),
    #####:   17:      settings_store_(data_root_ / "config.json"),
    #####:   18:      logger_(data_root_ / "logs" / "vocawin.log") {}
        -:   19:
    #####:   20:bool AppController::initialize() {
    #####:   21:    if (!single_instance_.acquire()) {
    #####:   22:        return false;
        -:   23:    }
        -:   24:
    #####:   25:    if (!logger_.initialize()) {
    #####:   26:        return false;
        -:   27:    }
        -:   28:
    #####:   29:    settings_ = settings_store_.load();
    #####:   30:    logger_.info("settings loaded");
        -:   31:
    #####:   32:    if (!tray_icon_.initialize()) {
    #####:   33:        logger_.error("failed to initialize tray icon");
    #####:   34:        return false;
        -:   35:    }
        -:   36:
    #####:   37:    initialized_ = true;
    #####:   38:    return true;
        -:   39:}
        -:   40:
    #####:   41:void AppController::shutdown() {
    #####:   42:    if (!initialized_) {
    #####:   43:        return;
        -:   44:    }
        -:   45:
    #####:   46:    logger_.info("shutdown complete");
    #####:   47:    tray_icon_.shutdown();
    #####:   48:    initialized_ = false;
        -:   49:}
        -:   50:
    #####:   51:bool AppController::isInitialized() const {
    #####:   52:    return initialized_;
        -:   53:}
        -:   54:
    #####:   55:const Settings& AppController::settings() const {
    #####:   56:    return settings_;
        -:   57:}
        -:   58:
        -:   59:}  // namespace vocawin
